#! c:/iverilog-x64/bin/vvp
:ivl_version "10.1 (stable)" "(v10_1_1)";
:ivl_delay_selection "TYPICAL";
:vpi_time_precision + 0;
:vpi_module "system";
:vpi_module "vhdl_sys";
:vpi_module "v2005_math";
:vpi_module "va_math";
S_0000000002882930 .scope module, "controlador" "controlador" 2 1;
 .timescale 0 0;
    .port_info 0 /INPUT 1 "reset"
    .port_info 1 /INPUT 1 "TARGETA_RECIBIDA"
    .port_info 2 /INPUT 1 "TIPO_TRANS"
    .port_info 3 /INPUT 1 "DIGITO_STB"
    .port_info 4 /INPUT 1 "MONTO_STB"
    .port_info 5 /INPUT 1 "clock"
    .port_info 6 /INPUT 32 "MONTO"
    .port_info 7 /INPUT 4 "DIGITO"
    .port_info 8 /INPUT 16 "PIN"
    .port_info 9 /OUTPUT 1 "BALANCE_ACTUALIZADO"
    .port_info 10 /OUTPUT 1 "ENTREGAR_DINERO"
    .port_info 11 /OUTPUT 1 "PIN_INCORRECTO"
    .port_info 12 /OUTPUT 1 "ADVERTENCIA"
    .port_info 13 /OUTPUT 1 "BLOQUEO"
    .port_info 14 /OUTPUT 1 "FONDOS_INSUFICIENTES"
v0000000002882ab0_0 .var "ADVERTENCIA", 0 0;
v0000000002882b50_0 .var "BALANCE", 63 0;
v0000000002882bf0_0 .var "BALANCE_ACTUALIZADO", 0 0;
v0000000002882c90_0 .var "BLOQUEO", 0 0;
o00000000028c5058 .functor BUFZ 4, C4<zzzz>; HiZ drive
v000000000291ccf0_0 .net "DIGITO", 3 0, o00000000028c5058;  0 drivers
o00000000028c5088 .functor BUFZ 1, C4<z>; HiZ drive
v000000000291cd90_0 .net "DIGITO_STB", 0 0, o00000000028c5088;  0 drivers
v000000000291ce30_0 .var "ENTREGAR_DINERO", 0 0;
v000000000291ced0_0 .var "FONDOS_INSUFICIENTES", 0 0;
v000000000291cf70_0 .var "INTENTOS", 1 0;
o00000000028c5148 .functor BUFZ 32, C4<zzzzzzzzzzzzzzzzzzzzzzzzzzzzzzzz>; HiZ drive
v000000000291d010_0 .net "MONTO", 31 0, o00000000028c5148;  0 drivers
o00000000028c5178 .functor BUFZ 1, C4<z>; HiZ drive
v000000000291d0b0_0 .net "MONTO_STB", 0 0, o00000000028c5178;  0 drivers
o00000000028c51a8 .functor BUFZ 16, C4<zzzzzzzzzzzzzzzz>; HiZ drive
v000000000291d150_0 .net "PIN", 15 0, o00000000028c51a8;  0 drivers
v000000000291d1f0_0 .var "PIN_INCORRECTO", 0 0;
o00000000028c5208 .functor BUFZ 1, C4<z>; HiZ drive
v000000000291d290_0 .net "TARGETA_RECIBIDA", 0 0, o00000000028c5208;  0 drivers
o00000000028c5238 .functor BUFZ 1, C4<z>; HiZ drive
v000000000291da60_0 .net "TIPO_TRANS", 0 0, o00000000028c5238;  0 drivers
o00000000028c5268 .functor BUFZ 1, C4<z>; HiZ drive
v000000000291de20_0 .net "clock", 0 0, o00000000028c5268;  0 drivers
v000000000291dce0_0 .var "nxt_state", 15 0;
v000000000291d420_0 .var "pin_interno", 15 0;
o00000000028c52f8 .functor BUFZ 1, C4<z>; HiZ drive
v000000000291d6a0_0 .net "reset", 0 0, o00000000028c52f8;  0 drivers
E_00000000028c2af0/0 .event edge, v000000000291d290_0, v000000000291cd90_0, v000000000291d420_0, v000000000291ccf0_0;
E_00000000028c2af0/1 .event edge, v000000000291d150_0, v000000000291da60_0, v000000000291d010_0, v0000000002882b50_0;
E_00000000028c2af0/2 .event edge, v000000000291cf70_0;
E_00000000028c2af0 .event/or E_00000000028c2af0/0, E_00000000028c2af0/1, E_00000000028c2af0/2;
E_00000000028c29f0/0 .event negedge, v000000000291d6a0_0;
E_00000000028c29f0/1 .event posedge, v000000000291de20_0;
E_00000000028c29f0 .event/or E_00000000028c29f0/0, E_00000000028c29f0/1;
    .scope S_0000000002882930;
T_0 ;
    %wait E_00000000028c29f0;
    %load/vec4 v000000000291d6a0_0;
    %flag_set/vec4 8;
    %jmp/0xz  T_0.0, 8;
    %pushi/vec4 0, 0, 16;
    %assign/vec4 v000000000291d420_0, 0;
    %pushi/vec4 0, 0, 1;
    %store/vec4 v0000000002882bf0_0, 0, 1;
    %pushi/vec4 0, 0, 1;
    %store/vec4 v000000000291ce30_0, 0, 1;
    %pushi/vec4 0, 0, 1;
    %store/vec4 v000000000291d1f0_0, 0, 1;
    %pushi/vec4 0, 0, 1;
    %store/vec4 v0000000002882ab0_0, 0, 1;
    %pushi/vec4 0, 0, 1;
    %store/vec4 v0000000002882c90_0, 0, 1;
    %pushi/vec4 0, 0, 1;
    %store/vec4 v000000000291ced0_0, 0, 1;
    %pushi/vec4 0, 0, 64;
    %store/vec4 v0000000002882b50_0, 0, 64;
    %pushi/vec4 0, 0, 2;
    %store/vec4 v000000000291cf70_0, 0, 2;
    %pushi/vec4 0, 0, 16;
    %store/vec4 v000000000291d420_0, 0, 16;
    %pushi/vec4 0, 0, 16;
    %store/vec4 v000000000291dce0_0, 0, 16;
    %jmp T_0.1;
T_0.0 ;
    %load/vec4 v000000000291dce0_0;
    %assign/vec4 v000000000291d420_0, 0;
T_0.1 ;
    %jmp T_0;
    .thread T_0;
    .scope S_0000000002882930;
T_1 ;
    %wait E_00000000028c2af0;
    %load/vec4 v000000000291d290_0;
    %cmpi/e 1, 0, 1;
    %jmp/0xz  T_1.0, 4;
    %load/vec4 v000000000291cd90_0;
    %cmpi/e 1, 0, 1;
    %jmp/0xz  T_1.2, 4;
    %load/vec4 v000000000291d420_0;
    %parti/s 12, 0, 2;
    %load/vec4 v000000000291ccf0_0;
    %concat/vec4; draw_concat_vec4
    %assign/vec4 v000000000291d420_0, 0;
T_1.2 ;
T_1.0 ;
    %load/vec4 v000000000291d420_0;
    %assign/vec4 v000000000291dce0_0, 0;
    %load/vec4 v000000000291d420_0;
    %load/vec4 v000000000291d150_0;
    %cmp/e;
    %jmp/0xz  T_1.4, 4;
    %pushi/vec4 0, 0, 1;
    %store/vec4 v000000000291d1f0_0, 0, 1;
    %load/vec4 v000000000291da60_0;
    %pad/u 32;
    %cmpi/e 0, 0, 32;
    %jmp/0xz  T_1.6, 4;
    %load/vec4 v000000000291d010_0;
    %pad/u 64;
    %load/vec4 v0000000002882b50_0;
    %add;
    %pad/u 1;
    %store/vec4 v0000000002882bf0_0, 0, 1;
    %jmp T_1.7;
T_1.6 ;
    %load/vec4 v000000000291d010_0;
    %pad/u 64;
    %load/vec4 v0000000002882b50_0;
    %cmp/u;
    %jmp/0xz  T_1.8, 5;
    %load/vec4 v0000000002882b50_0;
    %load/vec4 v000000000291d010_0;
    %pad/u 64;
    %sub;
    %pad/u 1;
    %store/vec4 v0000000002882bf0_0, 0, 1;
    %jmp T_1.9;
T_1.8 ;
    %pushi/vec4 1, 0, 1;
    %store/vec4 v000000000291ced0_0, 0, 1;
T_1.9 ;
T_1.7 ;
    %jmp T_1.5;
T_1.4 ;
    %pushi/vec4 1, 0, 1;
    %store/vec4 v000000000291d1f0_0, 0, 1;
    %load/vec4 v000000000291cf70_0;
    %addi 1, 0, 2;
    %store/vec4 v000000000291cf70_0, 0, 2;
T_1.5 ;
    %load/vec4 v000000000291cf70_0;
    %pad/u 32;
    %cmpi/e 2, 0, 32;
    %jmp/0xz  T_1.10, 4;
    %pushi/vec4 1, 0, 1;
    %store/vec4 v0000000002882ab0_0, 0, 1;
    %jmp T_1.11;
T_1.10 ;
    %load/vec4 v000000000291cf70_0;
    %pad/u 32;
    %cmpi/e 3, 0, 32;
    %jmp/0xz  T_1.12, 4;
    %pushi/vec4 0, 0, 1;
    %store/vec4 v0000000002882ab0_0, 0, 1;
    %pushi/vec4 1, 0, 1;
    %store/vec4 v0000000002882c90_0, 0, 1;
T_1.12 ;
T_1.11 ;
    %jmp T_1;
    .thread T_1, $push;
# The file index is used to find the file name in the following table.
:file_names 3;
    "N/A";
    "<interactive>";
    ".\Tarea3.v";
