#! c:/iverilog-x64/bin/vvp
:ivl_version "10.1 (stable)" "(v10_1_1)";
:ivl_delay_selection "TYPICAL";
:vpi_time_precision + 0;
:vpi_module "system";
:vpi_module "vhdl_sys";
:vpi_module "v2005_math";
:vpi_module "va_math";
S_0000000002894da0 .scope module, "SPI_Slave" "SPI_Slave" 2 1;
 .timescale 0 0;
    .port_info 0 /INPUT 1 "SCK"
    .port_info 1 /INPUT 1 "MOSI"
    .port_info 2 /INPUT 1 "SS"
    .port_info 3 /OUTPUT 1 "MISO"
P_0000000002862930 .param/l "CKP" 0 2 10, +C4<00000000000000000000000000000001>;
P_0000000002862968 .param/l "CPH" 0 2 11, +C4<00000000000000000000000000000001>;
P_00000000028629a0 .param/l "S2" 0 2 15, C4<0001>;
P_00000000028629d8 .param/l "S3" 0 2 16, C4<0010>;
P_0000000002862a10 .param/l "S4" 0 2 17, C4<0011>;
P_0000000002862a48 .param/l "S5" 0 2 18, C4<0100>;
P_0000000002862a80 .param/l "S6" 0 2 19, C4<0101>;
P_0000000002862ab8 .param/l "S7" 0 2 20, C4<0110>;
P_0000000002862af0 .param/l "S8" 0 2 21, C4<0111>;
v000000000289e4d0_0 .var "MISO", 0 0;
o00000000028a3748 .functor BUFZ 1, C4<z>; HiZ drive
v0000000002862b30_0 .net "MOSI", 0 0, o00000000028a3748;  0 drivers
o00000000028a3778 .functor BUFZ 1, C4<z>; HiZ drive
v0000000002862bd0_0 .net "SCK", 0 0, o00000000028a3778;  0 drivers
o00000000028a37a8 .functor BUFZ 1, C4<z>; HiZ drive
v0000000002862c70_0 .net "SS", 0 0, o00000000028a37a8;  0 drivers
v00000000028f6c50_0 .var "array1", 7 0;
v00000000028f6cf0_0 .var "array2", 7 0;
v00000000028f6d90_0 .var "next_state", 3 0;
v00000000028f6e30_0 .var "state", 3 0;
E_000000000289a420 .event posedge, v0000000002862bd0_0;
E_000000000289a120 .event edge, v00000000028f6e30_0, v0000000002862c70_0;
    .scope S_0000000002894da0;
T_0 ;
    %pushi/vec4 2, 0, 8;
    %store/vec4 v00000000028f6cf0_0, 0, 8;
    %end;
    .thread T_0;
    .scope S_0000000002894da0;
T_1 ;
    %pushi/vec4 0, 0, 8;
    %store/vec4 v00000000028f6c50_0, 0, 8;
    %end;
    .thread T_1;
    .scope S_0000000002894da0;
T_2 ;
    %wait E_000000000289a420;
    %load/vec4 v0000000002862c70_0;
    %flag_set/vec4 8;
    %jmp/0xz  T_2.0, 8;
    %pushi/vec4 1, 0, 4;
    %assign/vec4 v00000000028f6e30_0, 0;
    %jmp T_2.1;
T_2.0 ;
    %load/vec4 v00000000028f6d90_0;
    %assign/vec4 v00000000028f6e30_0, 0;
T_2.1 ;
    %jmp T_2;
    .thread T_2;
    .scope S_0000000002894da0;
T_3 ;
    %wait E_000000000289a120;
    %load/vec4 v00000000028f6e30_0;
    %store/vec4 v00000000028f6d90_0, 0, 4;
    %load/vec4 v00000000028f6e30_0;
    %dup/vec4;
    %pushi/vec4 1, 0, 4;
    %cmp/u;
    %jmp/1 T_3.0, 6;
    %dup/vec4;
    %pushi/vec4 2, 0, 4;
    %cmp/u;
    %jmp/1 T_3.1, 6;
    %dup/vec4;
    %pushi/vec4 3, 0, 4;
    %cmp/u;
    %jmp/1 T_3.2, 6;
    %dup/vec4;
    %pushi/vec4 4, 0, 4;
    %cmp/u;
    %jmp/1 T_3.3, 6;
    %dup/vec4;
    %pushi/vec4 5, 0, 4;
    %cmp/u;
    %jmp/1 T_3.4, 6;
    %dup/vec4;
    %pushi/vec4 6, 0, 4;
    %cmp/u;
    %jmp/1 T_3.5, 6;
    %dup/vec4;
    %pushi/vec4 7, 0, 4;
    %cmp/u;
    %jmp/1 T_3.6, 6;
    %pushi/vec4 1, 0, 4;
    %store/vec4 v00000000028f6d90_0, 0, 4;
    %jmp T_3.8;
T_3.0 ;
    %pushi/vec4 2147483648, 0, 63;
    %concati/vec4 1, 0, 1;
    %dup/vec4;
    %pushi/vec4 0, 0, 64;
    %cmp/u;
    %jmp/1 T_3.9, 6;
    %dup/vec4;
    %pushi/vec4 1, 0, 64;
    %cmp/u;
    %jmp/1 T_3.10, 6;
    %dup/vec4;
    %pushi/vec4 2, 0, 64;
    %cmp/u;
    %jmp/1 T_3.11, 6;
    %dup/vec4;
    %pushi/vec4 3, 0, 64;
    %cmp/u;
    %jmp/1 T_3.12, 6;
    %jmp T_3.13;
T_3.9 ;
    %pushi/vec4 2, 0, 4;
    %store/vec4 v00000000028f6d90_0, 0, 4;
    %jmp T_3.13;
T_3.10 ;
    %pushi/vec4 3, 0, 4;
    %store/vec4 v00000000028f6d90_0, 0, 4;
    %jmp T_3.13;
T_3.11 ;
    %pushi/vec4 4, 0, 4;
    %store/vec4 v00000000028f6d90_0, 0, 4;
    %jmp T_3.13;
T_3.12 ;
    %pushi/vec4 5, 0, 4;
    %store/vec4 v00000000028f6d90_0, 0, 4;
    %jmp T_3.13;
T_3.13 ;
    %pop/vec4 1;
    %jmp T_3.8;
T_3.1 ;
    %load/vec4 v0000000002862c70_0;
    %pad/u 32;
    %cmpi/e 1, 0, 32;
    %jmp/0xz  T_3.14, 4;
    %pushi/vec4 6, 0, 4;
    %store/vec4 v00000000028f6d90_0, 0, 4;
    %jmp T_3.15;
T_3.14 ;
    %pushi/vec4 1, 0, 4;
    %store/vec4 v00000000028f6d90_0, 0, 4;
T_3.15 ;
    %jmp T_3.8;
T_3.2 ;
    %load/vec4 v0000000002862c70_0;
    %pad/u 32;
    %cmpi/e 1, 0, 32;
    %jmp/0xz  T_3.16, 4;
    %pushi/vec4 7, 0, 4;
    %store/vec4 v00000000028f6d90_0, 0, 4;
    %jmp T_3.17;
T_3.16 ;
    %pushi/vec4 1, 0, 4;
    %store/vec4 v00000000028f6d90_0, 0, 4;
T_3.17 ;
    %jmp T_3.8;
T_3.3 ;
    %load/vec4 v0000000002862c70_0;
    %pad/u 32;
    %cmpi/e 1, 0, 32;
    %jmp/0xz  T_3.18, 4;
    %pushi/vec4 7, 0, 4;
    %store/vec4 v00000000028f6d90_0, 0, 4;
    %jmp T_3.19;
T_3.18 ;
    %pushi/vec4 1, 0, 4;
    %store/vec4 v00000000028f6d90_0, 0, 4;
T_3.19 ;
    %jmp T_3.8;
T_3.4 ;
    %load/vec4 v0000000002862c70_0;
    %pad/u 32;
    %cmpi/e 1, 0, 32;
    %jmp/0xz  T_3.20, 4;
    %pushi/vec4 6, 0, 4;
    %store/vec4 v00000000028f6d90_0, 0, 4;
    %jmp T_3.21;
T_3.20 ;
    %pushi/vec4 1, 0, 4;
    %store/vec4 v00000000028f6d90_0, 0, 4;
T_3.21 ;
    %jmp T_3.8;
T_3.5 ;
    %pushi/vec4 2, 0, 4;
    %store/vec4 v00000000028f6d90_0, 0, 4;
    %jmp T_3.8;
T_3.6 ;
    %pushi/vec4 3, 0, 4;
    %store/vec4 v00000000028f6d90_0, 0, 4;
    %jmp T_3.8;
T_3.8 ;
    %pop/vec4 1;
    %jmp T_3;
    .thread T_3, $push;
    .scope S_0000000002894da0;
T_4 ;
    %wait E_000000000289a420;
    %load/vec4 v0000000002862c70_0;
    %flag_set/vec4 8;
    %jmp/0xz  T_4.0, 8;
    %load/vec4 v00000000028f6cf0_0;
    %parti/s 1, 7, 4;
    %load/vec4 v00000000028f6c50_0;
    %parti/s 7, 1, 2;
    %concat/vec4; draw_concat_vec4
    %assign/vec4 v00000000028f6c50_0, 0;
    %load/vec4 v0000000002862b30_0;
    %load/vec4 v00000000028f6cf0_0;
    %parti/s 7, 1, 2;
    %concat/vec4; draw_concat_vec4
    %assign/vec4 v00000000028f6cf0_0, 0;
    %load/vec4 v00000000028f6c50_0;
    %parti/s 1, 0, 2;
    %assign/vec4 v000000000289e4d0_0, 0;
T_4.0 ;
    %jmp T_4;
    .thread T_4;
# The file index is used to find the file name in the following table.
:file_names 3;
    "N/A";
    "<interactive>";
    ".\esclavo.v";
